2014-07-04 17:35:06,339 INFO File smiles_list.csv does not exist.
2014-07-04 17:39:27,428 INFO Loading smiles parameters from smiles_list.csv ......
2014-07-04 17:39:27,430 INFO Total 5 smiles parameters loaded.
2014-07-04 17:39:27,430 DEBUG proxies.txt not found
2014-07-04 17:39:27,430 INFO Start scraping ......
2014-07-04 17:39:37,430 ERROR Failed to start up IE.
2014-07-04 17:44:13,983 INFO Loading smiles parameters from smiles_list.csv ......
2014-07-04 17:44:13,983 INFO Total 5 smiles parameters loaded.
2014-07-04 17:44:14,016 DEBUG proxies.txt not found
2014-07-04 17:44:14,016 INFO Start scraping ......
2014-07-04 17:47:41,898 INFO Loading smiles parameters from smiles_list.csv ......
2014-07-04 17:47:41,898 INFO Total 5 smiles parameters loaded.
2014-07-04 17:47:41,933 DEBUG proxies.txt not found
2014-07-04 17:47:41,934 INFO Start scraping ......
2014-07-04 17:47:51,934 ERROR Failed to start up IE.
2014-07-04 17:56:02,174 INFO Loading smiles parameters from smiles_list.csv ......
2014-07-04 17:56:02,174 INFO Total 5 smiles parameters loaded.
2014-07-04 17:56:02,206 DEBUG proxies.txt not found
2014-07-04 17:56:02,206 INFO Start scraping ......
2014-07-04 18:06:23,819 INFO Loading smiles parameters from smiles_list.csv ......
2014-07-04 18:06:23,819 INFO Total 5 smiles parameters loaded.
2014-07-04 18:06:23,851 DEBUG proxies.txt not found
2014-07-04 18:06:23,851 INFO Start scraping ......
2014-07-04 18:15:10,703 INFO Loading smiles parameters from smiles_list.csv ......
2014-07-04 18:15:10,703 INFO Total 5 smiles parameters loaded.
2014-07-04 18:15:10,727 DEBUG proxies.txt not found
2014-07-04 18:15:10,727 INFO Start scraping ......
2014-07-04 18:15:25,253 INFO Loading smiles parameters from smiles_list.csv ......
2014-07-04 18:15:25,253 INFO Total 5 smiles parameters loaded.
2014-07-04 18:15:25,276 DEBUG proxies.txt not found
2014-07-04 18:15:25,276 INFO Start scraping ......
